<?xml version="1.0" encoding="UTF-8" standalone="no"?><testsuite errors="1" failures="0" name="automatizar el login y carrito de compra de demoblaze" skipped="0" tests="2" time="16.23" timestamp="2024-04-19 06:04:38"><testcase name="ingreso exitoso"/><testcase name="compra exitosa"><error message="javascript error: {&quot;status&quot;:32,&quot;value&quot;:&quot;Unable to locate an element with the xpath expression #tbodyid &gt; div:nth-child(1) &gt; div &gt; div &gt; h4 &gt; a because of the following error:\nSyntaxError: Failed to execute 'evaluate' on 'Document': The string '#tbodyid &gt; div:nth-child(1) &gt; div &gt; div &gt; h4 &gt; a' is not a valid XPath expression.&quot;}&#10;  (Session info: chrome=124.0.6367.60)&#10;Build info: version: '4.14.1', revision: '03f8ede370'&#10;System info: os.name: 'Mac OS X', os.arch: 'aarch64', os.version: '14.4.1', java.version: '11.0.19'&#10;Driver info: org.openqa.selenium.chrome.ChromeDriver&#10;Command: [f934375e375143baca9cf43920841d7d, findElement {using=xpath, value=#tbodyid &gt; div:nth-child(1) &gt; div &gt; div &gt; h4 &gt; a}]&#10;Capabilities {acceptInsecureCerts: false, browserName: chrome, browserVersion: 124.0.6367.60, chrome: {chromedriverVersion: 124.0.6367.60 (8771130bd84f..., userDataDir: /var/folders/0g/8qmgqvvd04d...}, fedcm:accounts: true, goog:chromeOptions: {debuggerAddress: localhost:58937}, networkConnectionEnabled: false, pageLoadStrategy: normal, platformName: mac, proxy: Proxy(), se:cdp: ws://localhost:58937/devtoo..., se:cdpVersion: 124.0.6367.60, setWindowRect: true, strictFileInteractability: false, timeouts: {implicit: 0, pageLoad: 300000, script: 30000}, unhandledPromptBehavior: dismiss and notify, webauthn:extension:credBlob: true, webauthn:extension:largeBlob: true, webauthn:extension:minPinLength: true, webauthn:extension:prf: true, webauthn:virtualAuthenticators: true}&#10;Session ID: f934375e375143baca9cf43920841d7d" type="org.openqa.selenium.JavascriptException">javascript error: {"status":32,"value":"Unable to locate an element with the xpath expression #tbodyid &gt; div:nth-child(1) &gt; div &gt; div &gt; h4 &gt; a because of the following error:\nSyntaxError: Failed to execute 'evaluate' on 'Document': The string '#tbodyid &gt; div:nth-child(1) &gt; div &gt; div &gt; h4 &gt; a' is not a valid XPath expression."}
  (Session info: chrome=124.0.6367.60)
Build info: version: '4.14.1', revision: '03f8ede370'
System info: os.name: 'Mac OS X', os.arch: 'aarch64', os.version: '14.4.1', java.version: '11.0.19'
Driver info: org.openqa.selenium.chrome.ChromeDriver
Command: [f934375e375143baca9cf43920841d7d, findElement {using=xpath, value=#tbodyid &gt; div:nth-child(1) &gt; div &gt; div &gt; h4 &gt; a}]
Capabilities {acceptInsecureCerts: false, browserName: chrome, browserVersion: 124.0.6367.60, chrome: {chromedriverVersion: 124.0.6367.60 (8771130bd84f..., userDataDir: /var/folders/0g/8qmgqvvd04d...}, fedcm:accounts: true, goog:chromeOptions: {debuggerAddress: localhost:58937}, networkConnectionEnabled: false, pageLoadStrategy: normal, platformName: mac, proxy: Proxy(), se:cdp: ws://localhost:58937/devtoo..., se:cdpVersion: 124.0.6367.60, setWindowRect: true, strictFileInteractability: false, timeouts: {implicit: 0, pageLoad: 300000, script: 30000}, unhandledPromptBehavior: dismiss and notify, webauthn:extension:credBlob: true, webauthn:extension:largeBlob: true, webauthn:extension:minPinLength: true, webauthn:extension:prf: true, webauthn:virtualAuthenticators: true}
Session ID: f934375e375143baca9cf43920841d7d</error><system-err>javascript error: {"status":32,"value":"Unable to locate an element with the xpath expression #tbodyid &gt; div:nth-child(1) &gt; div &gt; div &gt; h4 &gt; a because of the following error:\nSyntaxError: Failed to execute 'evaluate' on 'Document': The string '#tbodyid &gt; div:nth-child(1) &gt; div &gt; div &gt; h4 &gt; a' is not a valid XPath expression."}
  (Session info: chrome=124.0.6367.60)
Build info: version: '4.14.1', revision: '03f8ede370'
System info: os.name: 'Mac OS X', os.arch: 'aarch64', os.version: '14.4.1', java.version: '11.0.19'
Driver info: org.openqa.selenium.chrome.ChromeDriver
Command: [f934375e375143baca9cf43920841d7d, findElement {using=xpath, value=#tbodyid &gt; div:nth-child(1) &gt; div &gt; div &gt; h4 &gt; a}]
Capabilities {acceptInsecureCerts: false, browserName: chrome, browserVersion: 124.0.6367.60, chrome: {chromedriverVersion: 124.0.6367.60 (8771130bd84f..., userDataDir: /var/folders/0g/8qmgqvvd04d...}, fedcm:accounts: true, goog:chromeOptions: {debuggerAddress: localhost:58937}, networkConnectionEnabled: false, pageLoadStrategy: normal, platformName: mac, proxy: Proxy(), se:cdp: ws://localhost:58937/devtoo..., se:cdpVersion: 124.0.6367.60, setWindowRect: true, strictFileInteractability: false, timeouts: {implicit: 0, pageLoad: 300000, script: 30000}, unhandledPromptBehavior: dismiss and notify, webauthn:extension:credBlob: true, webauthn:extension:largeBlob: true, webauthn:extension:minPinLength: true, webauthn:extension:prf: true, webauthn:virtualAuthenticators: true}
Session ID: f934375e375143baca9cf43920841d7d
net.thucydides.core.webdriver.WebDriverFacade.findElement(WebDriverFacade.java:259)
net.thucydides.core.steps.StepInterceptor.invokeMethod(StepInterceptor.java:519)
net.thucydides.core.steps.StepInterceptor.executeTestStepMethod(StepInterceptor.java:499)
net.thucydides.core.steps.StepInterceptor.runTestStep(StepInterceptor.java:471)
net.thucydides.core.steps.StepInterceptor.runOrSkipMethod(StepInterceptor.java:213)
net.thucydides.core.steps.StepInterceptor.testStepResult(StepInterceptor.java:200)
net.thucydides.core.steps.StepInterceptor.intercept(StepInterceptor.java:92)
demoblaze.tasks.EscogerAgregar.performAs(EscogerAgregar.java:18)
net.thucydides.core.steps.StepInterceptor.invokeMethod(StepInterceptor.java:519)
net.thucydides.core.steps.StepInterceptor.executeTestStepMethod(StepInterceptor.java:499)
net.thucydides.core.steps.StepInterceptor.runTestStep(StepInterceptor.java:471)
net.thucydides.core.steps.StepInterceptor.runOrSkipMethod(StepInterceptor.java:213)
net.thucydides.core.steps.StepInterceptor.testStepResult(StepInterceptor.java:200)
net.thucydides.core.steps.StepInterceptor.intercept(StepInterceptor.java:92)
demoblaze.stepdefinitions.DemoBlazeStepDefinitions.escogeUnProductoYLoAgregaAlCarrito(DemoBlazeStepDefinitions.java:41)
io.cucumber.java.Invoker.doInvoke(Invoker.java:66)
io.cucumber.java.Invoker.invoke(Invoker.java:24)
io.cucumber.java.AbstractGlueDefinition.invokeMethod(AbstractGlueDefinition.java:47)
io.cucumber.java.JavaStepDefinition.execute(JavaStepDefinition.java:29)
io.cucumber.core.runner.CoreStepDefinition.execute(CoreStepDefinition.java:66)
io.cucumber.core.runner.PickleStepDefinitionMatch.runStep(PickleStepDefinitionMatch.java:63)
io.cucumber.core.runner.TestStep.executeStep(TestStep.java:84)
io.cucumber.core.runner.TestStep.run(TestStep.java:56)
io.cucumber.core.runner.PickleStepTestStep.run(PickleStepTestStep.java:51)
io.cucumber.core.runner.TestCase.run(TestCase.java:84)
io.cucumber.core.runner.Runner.runPickle(Runner.java:75)
io.cucumber.core.runtime.CucumberExecutionContext.lambda$runTestCase$5(CucumberExecutionContext.java:137)
io.cucumber.core.runtime.RethrowingThrowableCollector.executeAndThrow(RethrowingThrowableCollector.java:23)
io.cucumber.core.runtime.CucumberExecutionContext.runTestCase(CucumberExecutionContext.java:137)
io.cucumber.junit.FeatureRunner.runChild(FeatureRunner.java:144)
io.cucumber.junit.FeatureRunner.runChild(FeatureRunner.java:28)
io.cucumber.junit.FeatureRunner.run(FeatureRunner.java:137)
io.cucumber.junit.CucumberSerenityBaseRunner.runChild(CucumberSerenityBaseRunner.java:332)
io.cucumber.junit.CucumberSerenityBaseRunner.runChild(CucumberSerenityBaseRunner.java:53)
worker.org.gradle.process.internal.worker.GradleWorkerMain.run(GradleWorkerMain.java:69)
worker.org.gradle.process.internal.worker.GradleWorkerMain.main(GradleWorkerMain.java:74)
</system-err></testcase></testsuite>